[06-04 10:34:35] INFO     [92mPhase 0: checking the inputs...
[0m
[06-04 10:34:35] INFO     Working directory is [/home/eb/projects/medusa2/datasets_medusa1/SAUR/medusa_2_OUT]...
[06-04 10:34:35] INFO     [92mInput files found[0m
[06-04 10:34:35] INFO     Mummer output files will be written in [/home/eb/projects/medusa2/datasets_medusa1/SAUR/medusa_2_OUT]

[06-04 10:34:35] INFO     [92mPhase 1: mapping contigs to reference genome(s)
[0m
[06-04 10:34:35] INFO     A total of 35 reference genomes have been found! Mapping the contigs...



 /$$      /$$               /$$                            /$$$$$$ 
| $$$    /$$$              | $$                           /$$__  $$
| $$$$  /$$$$ /$$$$$$  /$$$$$$$/$$   /$$ /$$$$$$$ /$$$$$$|__/  \ $$
| $$ $$/$$ $$/$$__  $$/$$__  $| $$  | $$/$$_____/|____  $$ /$$$$$$/
| $$  $$$| $| $$$$$$$| $$  | $| $$  | $|  $$$$$$  /$$$$$$$/$$____/ 
| $$\  $ | $| $$_____| $$  | $| $$  | $$\____  $$/$$__  $| $$      
| $$ \/  | $|  $$$$$$|  $$$$$$|  $$$$$$//$$$$$$$|  $$$$$$| $$$$$$$$
|__/     |__/\_______/\_______/\______/|_______/ \_______|________/
                                                                   


[06-04 10:34:35] INFO     File number 1: /home/eb/projects/medusa2/datasets_medusa1/SAUR/reference_genomes/Staphylococcus_aureus_WW2703_97_uid42989.fna.inp
[06-04 10:34:35] INFO     running nucmer...
[06-04 10:34:37] INFO     running show-coords...

[06-04 10:34:37] INFO     Success for /home/eb/projects/medusa2/datasets_medusa1/SAUR/reference_genomes/Staphylococcus_aureus_WW2703_97_uid42989.fna.inp!
[06-04 10:34:37] INFO     File number 2: /home/eb/projects/medusa2/datasets_medusa1/SAUR/reference_genomes/Staphylococcus_aureus_TCH70_uid55535.fna.inp
[06-04 10:34:37] INFO     running nucmer...
[06-04 10:34:53] INFO     running show-coords...

[06-04 10:34:53] INFO     Success for /home/eb/projects/medusa2/datasets_medusa1/SAUR/reference_genomes/Staphylococcus_aureus_TCH70_uid55535.fna.inp!
[06-04 10:34:53] INFO     File number 3: /home/eb/projects/medusa2/datasets_medusa1/SAUR/reference_genomes/Staphylococcus_aureus_PPUKM_332_2009_uid198289.fna.inp
[06-04 10:34:53] INFO     running nucmer...
[06-04 10:34:54] INFO     running show-coords...

[06-04 10:34:54] INFO     Success for /home/eb/projects/medusa2/datasets_medusa1/SAUR/reference_genomes/Staphylococcus_aureus_PPUKM_332_2009_uid198289.fna.inp!
[06-04 10:34:54] INFO     File number 4: /home/eb/projects/medusa2/datasets_medusa1/SAUR/reference_genomes/Staphylococcus_aureus_MR1_uid48401.fna.inp
[06-04 10:34:54] INFO     running nucmer...
[06-04 10:34:56] INFO     running show-coords...

[06-04 10:34:56] INFO     Success for /home/eb/projects/medusa2/datasets_medusa1/SAUR/reference_genomes/Staphylococcus_aureus_MR1_uid48401.fna.inp!
[06-04 10:34:56] INFO     File number 5: /home/eb/projects/medusa2/datasets_medusa1/SAUR/reference_genomes/Staphylococcus_aureus_PM1_uid190573.fna.inp
[06-04 10:34:56] INFO     running nucmer...
[06-04 10:34:58] INFO     running show-coords...

[06-04 10:34:58] INFO     Success for /home/eb/projects/medusa2/datasets_medusa1/SAUR/reference_genomes/Staphylococcus_aureus_PM1_uid190573.fna.inp!
[06-04 10:34:58] INFO     File number 6: /home/eb/projects/medusa2/datasets_medusa1/SAUR/reference_genomes/Staphylococcus_aureus_PPUKM_377_2009_uid198290.fna.inp
[06-04 10:34:58] INFO     running nucmer...
[06-04 10:34:59] INFO     running show-coords...

[06-04 10:34:59] INFO     Success for /home/eb/projects/medusa2/datasets_medusa1/SAUR/reference_genomes/Staphylococcus_aureus_PPUKM_377_2009_uid198290.fna.inp!
[06-04 10:34:59] INFO     File number 7: /home/eb/projects/medusa2/datasets_medusa1/SAUR/reference_genomes/Staphylococcus_aureus_VH60_uid198286.fna.inp
[06-04 10:34:59] INFO     running nucmer...
[06-04 10:35:01] INFO     running show-coords...

[06-04 10:35:01] INFO     Success for /home/eb/projects/medusa2/datasets_medusa1/SAUR/reference_genomes/Staphylococcus_aureus_VH60_uid198286.fna.inp!
[06-04 10:35:01] INFO     File number 8: /home/eb/projects/medusa2/datasets_medusa1/SAUR/reference_genomes/Staphylococcus_aureus_VRS4_uid180019.fna.inp
[06-04 10:35:01] INFO     running nucmer...
[06-04 10:35:02] INFO     running show-coords...

[06-04 10:35:02] INFO     Success for /home/eb/projects/medusa2/datasets_medusa1/SAUR/reference_genomes/Staphylococcus_aureus_VRS4_uid180019.fna.inp!
[06-04 10:35:02] INFO     File number 9: /home/eb/projects/medusa2/datasets_medusa1/SAUR/reference_genomes/Staphylococcus_aureus_O11_uid179692.fna.inp
[06-04 10:35:02] INFO     running nucmer...
[06-04 10:35:04] INFO     running show-coords...

[06-04 10:35:04] INFO     Success for /home/eb/projects/medusa2/datasets_medusa1/SAUR/reference_genomes/Staphylococcus_aureus_O11_uid179692.fna.inp!
[06-04 10:35:04] INFO     File number 10: /home/eb/projects/medusa2/datasets_medusa1/SAUR/reference_genomes/Staphylococcus_aureus_USA300_TCH959_uid54827.fna.inp
[06-04 10:35:04] INFO     running nucmer...
[06-04 10:35:07] INFO     running show-coords...

[06-04 10:35:07] INFO     Success for /home/eb/projects/medusa2/datasets_medusa1/SAUR/reference_genomes/Staphylococcus_aureus_USA300_TCH959_uid54827.fna.inp!
[06-04 10:35:07] INFO     File number 11: /home/eb/projects/medusa2/datasets_medusa1/SAUR/reference_genomes/Staphylococcus_aureus_TCH130_uid55533.fna.inp
[06-04 10:35:07] INFO     running nucmer...
[06-04 10:35:09] INFO     running show-coords...

[06-04 10:35:09] INFO     Success for /home/eb/projects/medusa2/datasets_medusa1/SAUR/reference_genomes/Staphylococcus_aureus_TCH130_uid55533.fna.inp!
[06-04 10:35:09] INFO     File number 12: /home/eb/projects/medusa2/datasets_medusa1/SAUR/reference_genomes/Staphylococcus_aureus_NN50_uid190572.fna.inp
[06-04 10:35:09] INFO     running nucmer...
[06-04 10:35:11] INFO     running show-coords...

[06-04 10:35:11] INFO     Success for /home/eb/projects/medusa2/datasets_medusa1/SAUR/reference_genomes/Staphylococcus_aureus_NN50_uid190572.fna.inp!
[06-04 10:35:11] INFO     File number 13: /home/eb/projects/medusa2/datasets_medusa1/SAUR/reference_genomes/Staphylococcus_aureus_VRS8_uid180023.fna.inp
[06-04 10:35:11] INFO     running nucmer...
[06-04 10:35:13] INFO     running show-coords...

[06-04 10:35:13] INFO     Success for /home/eb/projects/medusa2/datasets_medusa1/SAUR/reference_genomes/Staphylococcus_aureus_VRS8_uid180023.fna.inp!
[06-04 10:35:13] INFO     File number 14: /home/eb/projects/medusa2/datasets_medusa1/SAUR/reference_genomes/Staphylococcus_aureus_VRS11b_uid180027.fna.inp
[06-04 10:35:13] INFO     running nucmer...
[06-04 10:35:14] INFO     running show-coords...

[06-04 10:35:14] INFO     Success for /home/eb/projects/medusa2/datasets_medusa1/SAUR/reference_genomes/Staphylococcus_aureus_VRS11b_uid180027.fna.inp!
[06-04 10:35:14] INFO     File number 15: /home/eb/projects/medusa2/datasets_medusa1/SAUR/reference_genomes/Staphylococcus_aureus_VCU006_uid179998.fna.inp
[06-04 10:35:14] INFO     running nucmer...
[06-04 10:35:16] INFO     running show-coords...

[06-04 10:35:16] INFO     Success for /home/eb/projects/medusa2/datasets_medusa1/SAUR/reference_genomes/Staphylococcus_aureus_VCU006_uid179998.fna.inp!
[06-04 10:35:16] INFO     File number 16: /home/eb/projects/medusa2/datasets_medusa1/SAUR/reference_genomes/Staphylococcus_aureus_VRS6_uid180021.fna.inp
[06-04 10:35:16] INFO     running nucmer...
[06-04 10:35:18] INFO     running show-coords...

[06-04 10:35:18] INFO     Success for /home/eb/projects/medusa2/datasets_medusa1/SAUR/reference_genomes/Staphylococcus_aureus_VRS6_uid180021.fna.inp!
[06-04 10:35:18] INFO     File number 17: /home/eb/projects/medusa2/datasets_medusa1/SAUR/reference_genomes/Staphylococcus_aureus_NN54_uid190574.fna.inp
[06-04 10:35:18] INFO     running nucmer...
[06-04 10:35:20] INFO     running show-coords...

[06-04 10:35:20] INFO     Success for /home/eb/projects/medusa2/datasets_medusa1/SAUR/reference_genomes/Staphylococcus_aureus_NN54_uid190574.fna.inp!
[06-04 10:35:20] INFO     File number 18: /home/eb/projects/medusa2/datasets_medusa1/SAUR/reference_genomes/Staphylococcus_aureus_MRSA177_uid181517.fna.inp
[06-04 10:35:20] INFO     running nucmer...
[06-04 10:35:21] INFO     running show-coords...

[06-04 10:35:21] INFO     Success for /home/eb/projects/medusa2/datasets_medusa1/SAUR/reference_genomes/Staphylococcus_aureus_MRSA177_uid181517.fna.inp!
[06-04 10:35:21] INFO     File number 19: /home/eb/projects/medusa2/datasets_medusa1/SAUR/reference_genomes/Staphylococcus_aureus_VRS5_uid180020.fna.inp
[06-04 10:35:21] INFO     running nucmer...
[06-04 10:35:23] INFO     running show-coords...

[06-04 10:35:23] INFO     Success for /home/eb/projects/medusa2/datasets_medusa1/SAUR/reference_genomes/Staphylococcus_aureus_VRS5_uid180020.fna.inp!
[06-04 10:35:23] INFO     File number 20: /home/eb/projects/medusa2/datasets_medusa1/SAUR/reference_genomes/Staphylococcus_aureus_VRS7_uid180022.fna.inp
[06-04 10:35:23] INFO     running nucmer...
[06-04 10:35:24] INFO     running show-coords...

[06-04 10:35:24] INFO     Success for /home/eb/projects/medusa2/datasets_medusa1/SAUR/reference_genomes/Staphylococcus_aureus_VRS7_uid180022.fna.inp!
[06-04 10:35:24] INFO     File number 21: /home/eb/projects/medusa2/datasets_medusa1/SAUR/reference_genomes/Staphylococcus_aureus_VRS3a_uid180018.fna.inp
[06-04 10:35:24] INFO     running nucmer...
[06-04 10:35:26] INFO     running show-coords...

[06-04 10:35:26] INFO     Success for /home/eb/projects/medusa2/datasets_medusa1/SAUR/reference_genomes/Staphylococcus_aureus_VRS3a_uid180018.fna.inp!
[06-04 10:35:26] INFO     File number 22: /home/eb/projects/medusa2/datasets_medusa1/SAUR/reference_genomes/Staphylococcus_aureus_RN4220_uid190234.fna.inp
[06-04 10:35:26] INFO     running nucmer...
[06-04 10:35:27] INFO     running show-coords...

[06-04 10:35:27] INFO     Success for /home/eb/projects/medusa2/datasets_medusa1/SAUR/reference_genomes/Staphylococcus_aureus_RN4220_uid190234.fna.inp!
[06-04 10:35:27] INFO     File number 23: /home/eb/projects/medusa2/datasets_medusa1/SAUR/reference_genomes/Staphylococcus_aureus_PPUKM_775_2009_uid198291.fna.inp
[06-04 10:35:27] INFO     running nucmer...
[06-04 10:35:29] INFO     running show-coords...

[06-04 10:35:29] INFO     Success for /home/eb/projects/medusa2/datasets_medusa1/SAUR/reference_genomes/Staphylococcus_aureus_PPUKM_775_2009_uid198291.fna.inp!
[06-04 10:35:29] INFO     File number 24: /home/eb/projects/medusa2/datasets_medusa1/SAUR/reference_genomes/Staphylococcus_aureus_WBG10049_uid42991.fna.inp
[06-04 10:35:29] INFO     running nucmer...
[06-04 10:35:32] INFO     running show-coords...

[06-04 10:35:32] INFO     Success for /home/eb/projects/medusa2/datasets_medusa1/SAUR/reference_genomes/Staphylococcus_aureus_WBG10049_uid42991.fna.inp!
[06-04 10:35:32] INFO     File number 25: /home/eb/projects/medusa2/datasets_medusa1/SAUR/reference_genomes/Staphylococcus_aureus_VRS9_uid180024.fna.inp
[06-04 10:35:32] INFO     running nucmer...
[06-04 10:35:34] INFO     running show-coords...

[06-04 10:35:34] INFO     Success for /home/eb/projects/medusa2/datasets_medusa1/SAUR/reference_genomes/Staphylococcus_aureus_VRS9_uid180024.fna.inp!
[06-04 10:35:34] INFO     File number 26: /home/eb/projects/medusa2/datasets_medusa1/SAUR/reference_genomes/Staphylococcus_aureus_Mu50_omega_uid55783.fna.inp
[06-04 10:35:34] INFO     running nucmer...
[06-04 10:35:40] INFO     running show-coords...

[06-04 10:35:40] INFO     Success for /home/eb/projects/medusa2/datasets_medusa1/SAUR/reference_genomes/Staphylococcus_aureus_Mu50_omega_uid55783.fna.inp!
[06-04 10:35:40] INFO     File number 27: /home/eb/projects/medusa2/datasets_medusa1/SAUR/reference_genomes/Staphylococcus_aureus_VRS1_uid180016.fna.inp
[06-04 10:35:40] INFO     running nucmer...
[06-04 10:35:42] INFO     running show-coords...

[06-04 10:35:42] INFO     Success for /home/eb/projects/medusa2/datasets_medusa1/SAUR/reference_genomes/Staphylococcus_aureus_VRS1_uid180016.fna.inp!
[06-04 10:35:42] INFO     File number 28: /home/eb/projects/medusa2/datasets_medusa1/SAUR/reference_genomes/Staphylococcus_aureus_MRSA131_uid181518.fna.inp
[06-04 10:35:42] INFO     running nucmer...
[06-04 10:35:44] INFO     running show-coords...

[06-04 10:35:44] INFO     Success for /home/eb/projects/medusa2/datasets_medusa1/SAUR/reference_genomes/Staphylococcus_aureus_MRSA131_uid181518.fna.inp!
[06-04 10:35:44] INFO     File number 29: /home/eb/projects/medusa2/datasets_medusa1/SAUR/reference_genomes/Staphylococcus_aureus_O46_uid179693.fna.inp
[06-04 10:35:44] INFO     running nucmer...
[06-04 10:35:46] INFO     running show-coords...

[06-04 10:35:46] INFO     Success for /home/eb/projects/medusa2/datasets_medusa1/SAUR/reference_genomes/Staphylococcus_aureus_O46_uid179693.fna.inp!
[06-04 10:35:46] INFO     File number 30: /home/eb/projects/medusa2/datasets_medusa1/SAUR/reference_genomes/Staphylococcus_aureus_VH221_uid198296.fna.inp
[06-04 10:35:46] INFO     running nucmer...
[06-04 10:35:47] INFO     running show-coords...

[06-04 10:35:47] INFO     Success for /home/eb/projects/medusa2/datasets_medusa1/SAUR/reference_genomes/Staphylococcus_aureus_VH221_uid198296.fna.inp!
[06-04 10:35:47] INFO     File number 31: /home/eb/projects/medusa2/datasets_medusa1/SAUR/reference_genomes/Staphylococcus_aureus_Newbould_305_uid180764.fna.inp
[06-04 10:35:47] INFO     running nucmer...
[06-04 10:35:50] INFO     running show-coords...

[06-04 10:35:50] INFO     Success for /home/eb/projects/medusa2/datasets_medusa1/SAUR/reference_genomes/Staphylococcus_aureus_Newbould_305_uid180764.fna.inp!
[06-04 10:35:50] INFO     File number 32: /home/eb/projects/medusa2/datasets_medusa1/SAUR/reference_genomes/Staphylococcus_aureus_VRS11a_uid180026.fna.inp
[06-04 10:35:50] INFO     running nucmer...
[06-04 10:35:51] INFO     running show-coords...

[06-04 10:35:51] INFO     Success for /home/eb/projects/medusa2/datasets_medusa1/SAUR/reference_genomes/Staphylococcus_aureus_VRS11a_uid180026.fna.inp!
[06-04 10:35:51] INFO     File number 33: /home/eb/projects/medusa2/datasets_medusa1/SAUR/reference_genomes/Staphylococcus_aureus_VRS2_uid180017.fna.inp
[06-04 10:35:51] INFO     running nucmer...
[06-04 10:35:53] INFO     running show-coords...

[06-04 10:35:53] INFO     Success for /home/eb/projects/medusa2/datasets_medusa1/SAUR/reference_genomes/Staphylococcus_aureus_VRS2_uid180017.fna.inp!
[06-04 10:35:53] INFO     File number 34: /home/eb/projects/medusa2/datasets_medusa1/SAUR/reference_genomes/Staphylococcus_aureus_PPUKM_261_2009_uid198288.fna.inp
[06-04 10:35:53] INFO     running nucmer...
[06-04 10:35:54] INFO     running show-coords...

[06-04 10:35:54] INFO     Success for /home/eb/projects/medusa2/datasets_medusa1/SAUR/reference_genomes/Staphylococcus_aureus_PPUKM_261_2009_uid198288.fna.inp!
[06-04 10:35:54] INFO     File number 35: /home/eb/projects/medusa2/datasets_medusa1/SAUR/reference_genomes/Staphylococcus_aureus_VRS10_uid180025.fna.inp
[06-04 10:35:54] INFO     running nucmer...
[06-04 10:35:56] INFO     running show-coords...

[06-04 10:35:56] INFO     Success for /home/eb/projects/medusa2/datasets_medusa1/SAUR/reference_genomes/Staphylococcus_aureus_VRS10_uid180025.fna.inp!
[06-04 10:35:56] INFO     [92mPhase 2: parse mummer output(s) and create a scaffolding graph[0m
[06-04 10:35:56] WARNING  [33mThis step is very time-consuming...[0m
[06-04 10:35:56] INFO     Instanciating scaffolding network for [/home/eb/projects/medusa2/datasets_medusa1/SAUR/Saureus_target.fna] ...
[06-04 10:35:56] INFO     [92mSuccess! A total of 170 nodes have been included[0m
[06-04 10:35:56] INFO     A total of 35 .coords files have been found! Adding network edges...

[06-04 10:35:56] INFO     [92mparsing /home/eb/projects/medusa2/datasets_medusa1/SAUR/medusa_2_OUT/Saureus_target_Staphylococcus_aureus_WW2703_97_uid42989.coords[0m
[06-04 10:35:56] INFO     [92mparsing /home/eb/projects/medusa2/datasets_medusa1/SAUR/medusa_2_OUT/Saureus_target_Staphylococcus_aureus_TCH70_uid55535.coords[0m
[06-04 10:35:56] INFO     [92mparsing /home/eb/projects/medusa2/datasets_medusa1/SAUR/medusa_2_OUT/Saureus_target_Staphylococcus_aureus_PPUKM_332_2009_uid198289.coords[0m
[06-04 10:35:56] INFO     [92mparsing /home/eb/projects/medusa2/datasets_medusa1/SAUR/medusa_2_OUT/Saureus_target_Staphylococcus_aureus_MR1_uid48401.coords[0m
[06-04 10:35:56] INFO     [92mparsing /home/eb/projects/medusa2/datasets_medusa1/SAUR/medusa_2_OUT/Saureus_target_Staphylococcus_aureus_PM1_uid190573.coords[0m
[06-04 10:35:56] INFO     [92mparsing /home/eb/projects/medusa2/datasets_medusa1/SAUR/medusa_2_OUT/Saureus_target_Staphylococcus_aureus_PPUKM_377_2009_uid198290.coords[0m
[06-04 10:35:56] INFO     [92mparsing /home/eb/projects/medusa2/datasets_medusa1/SAUR/medusa_2_OUT/Saureus_target_Staphylococcus_aureus_VH60_uid198286.coords[0m
[06-04 10:35:56] INFO     [92mparsing /home/eb/projects/medusa2/datasets_medusa1/SAUR/medusa_2_OUT/Saureus_target_Staphylococcus_aureus_VRS4_uid180019.coords[0m
[06-04 10:35:56] INFO     [92mparsing /home/eb/projects/medusa2/datasets_medusa1/SAUR/medusa_2_OUT/Saureus_target_Staphylococcus_aureus_O11_uid179692.coords[0m
[06-04 10:35:56] INFO     [92mparsing /home/eb/projects/medusa2/datasets_medusa1/SAUR/medusa_2_OUT/Saureus_target_Staphylococcus_aureus_USA300_TCH959_uid54827.coords[0m
[06-04 10:35:56] INFO     [92mparsing /home/eb/projects/medusa2/datasets_medusa1/SAUR/medusa_2_OUT/Saureus_target_Staphylococcus_aureus_TCH130_uid55533.coords[0m
[06-04 10:35:56] INFO     [92mparsing /home/eb/projects/medusa2/datasets_medusa1/SAUR/medusa_2_OUT/Saureus_target_Staphylococcus_aureus_NN50_uid190572.coords[0m
[06-04 10:35:56] INFO     [92mparsing /home/eb/projects/medusa2/datasets_medusa1/SAUR/medusa_2_OUT/Saureus_target_Staphylococcus_aureus_VRS8_uid180023.coords[0m
[06-04 10:35:56] INFO     [92mparsing /home/eb/projects/medusa2/datasets_medusa1/SAUR/medusa_2_OUT/Saureus_target_Staphylococcus_aureus_VRS11b_uid180027.coords[0m
[06-04 10:35:56] INFO     [92mparsing /home/eb/projects/medusa2/datasets_medusa1/SAUR/medusa_2_OUT/Saureus_target_Staphylococcus_aureus_VCU006_uid179998.coords[0m
[06-04 10:35:56] INFO     [92mparsing /home/eb/projects/medusa2/datasets_medusa1/SAUR/medusa_2_OUT/Saureus_target_Staphylococcus_aureus_VRS6_uid180021.coords[0m
[06-04 10:35:56] INFO     [92mparsing /home/eb/projects/medusa2/datasets_medusa1/SAUR/medusa_2_OUT/Saureus_target_Staphylococcus_aureus_NN54_uid190574.coords[0m
[06-04 10:35:56] INFO     [92mparsing /home/eb/projects/medusa2/datasets_medusa1/SAUR/medusa_2_OUT/Saureus_target_Staphylococcus_aureus_MRSA177_uid181517.coords[0m
[06-04 10:35:56] INFO     [92mparsing /home/eb/projects/medusa2/datasets_medusa1/SAUR/medusa_2_OUT/Saureus_target_Staphylococcus_aureus_VRS5_uid180020.coords[0m
[06-04 10:35:56] INFO     [92mparsing /home/eb/projects/medusa2/datasets_medusa1/SAUR/medusa_2_OUT/Saureus_target_Staphylococcus_aureus_VRS7_uid180022.coords[0m
[06-04 10:35:56] INFO     [92mparsing /home/eb/projects/medusa2/datasets_medusa1/SAUR/medusa_2_OUT/Saureus_target_Staphylococcus_aureus_VRS3a_uid180018.coords[0m
[06-04 10:35:56] INFO     [92mparsing /home/eb/projects/medusa2/datasets_medusa1/SAUR/medusa_2_OUT/Saureus_target_Staphylococcus_aureus_RN4220_uid190234.coords[0m
[06-04 10:35:56] INFO     [92mparsing /home/eb/projects/medusa2/datasets_medusa1/SAUR/medusa_2_OUT/Saureus_target_Staphylococcus_aureus_PPUKM_775_2009_uid198291.coords[0m
[06-04 10:35:56] INFO     [92mparsing /home/eb/projects/medusa2/datasets_medusa1/SAUR/medusa_2_OUT/Saureus_target_Staphylococcus_aureus_WBG10049_uid42991.coords[0m
[06-04 10:35:56] INFO     [92mparsing /home/eb/projects/medusa2/datasets_medusa1/SAUR/medusa_2_OUT/Saureus_target_Staphylococcus_aureus_VRS9_uid180024.coords[0m
[06-04 10:35:56] INFO     [92mparsing /home/eb/projects/medusa2/datasets_medusa1/SAUR/medusa_2_OUT/Saureus_target_Staphylococcus_aureus_Mu50_omega_uid55783.coords[0m
[06-04 10:35:56] INFO     [92mparsing /home/eb/projects/medusa2/datasets_medusa1/SAUR/medusa_2_OUT/Saureus_target_Staphylococcus_aureus_VRS1_uid180016.coords[0m
[06-04 10:35:56] INFO     [92mparsing /home/eb/projects/medusa2/datasets_medusa1/SAUR/medusa_2_OUT/Saureus_target_Staphylococcus_aureus_MRSA131_uid181518.coords[0m
[06-04 10:35:56] INFO     [92mparsing /home/eb/projects/medusa2/datasets_medusa1/SAUR/medusa_2_OUT/Saureus_target_Staphylococcus_aureus_O46_uid179693.coords[0m
[06-04 10:35:56] INFO     [92mparsing /home/eb/projects/medusa2/datasets_medusa1/SAUR/medusa_2_OUT/Saureus_target_Staphylococcus_aureus_VH221_uid198296.coords[0m
[06-04 10:35:56] INFO     [92mparsing /home/eb/projects/medusa2/datasets_medusa1/SAUR/medusa_2_OUT/Saureus_target_Staphylococcus_aureus_Newbould_305_uid180764.coords[0m
[06-04 10:35:56] INFO     [92mparsing /home/eb/projects/medusa2/datasets_medusa1/SAUR/medusa_2_OUT/Saureus_target_Staphylococcus_aureus_VRS11a_uid180026.coords[0m
[06-04 10:35:56] INFO     [92mparsing /home/eb/projects/medusa2/datasets_medusa1/SAUR/medusa_2_OUT/Saureus_target_Staphylococcus_aureus_VRS2_uid180017.coords[0m
[06-04 10:35:56] INFO     [92mparsing /home/eb/projects/medusa2/datasets_medusa1/SAUR/medusa_2_OUT/Saureus_target_Staphylococcus_aureus_PPUKM_261_2009_uid198288.coords[0m
[06-04 10:35:56] INFO     [92mparsing /home/eb/projects/medusa2/datasets_medusa1/SAUR/medusa_2_OUT/Saureus_target_Staphylococcus_aureus_VRS10_uid180025.coords[0m
[06-04 10:35:56] INFO     adjusting orientations...
[06-04 10:35:57] INFO     [92mPhase 3: from network to scaffolds
[0m
[06-04 10:35:57] INFO     [92mComputing a greedy path cover...[0m

[06-04 10:35:57] INFO     [92mOptional: producing output graphs[0m
[06-04 10:35:57] INFO     writing graph /home/eb/projects/medusa2/datasets_medusa1/SAUR/medusa_2_OUT/scaffolding_graph.gexf
[06-04 10:35:57] INFO     writing graph /home/eb/projects/medusa2/datasets_medusa1/SAUR/medusa_2_OUT/cover_graph.gexf
[06-04 10:35:57] INFO     writing graph /home/eb/projects/medusa2/datasets_medusa1/SAUR/medusa_2_OUT/cleaned_cover_graph.gexf
180.11user 6.15system 1:23.35elapsed 223%CPU (0avgtext+0avgdata 499388maxresident)k
0inputs+31568outputs (0major+1633847minor)pagefaults 0swaps
